<html>
<head>
<title>TestNG:  Default test</title>
<link href="../testng.css" rel="stylesheet" type="text/css" />
<link href="../my-testng.css" rel="stylesheet" type="text/css" />

<style type="text/css">
.log { display: none;} 
.stack-trace { display: none;} 
</style>
<script type="text/javascript">
<!--
function flip(e) {
  current = e.style.display;
  if (current == 'block') {
    e.style.display = 'none';
    return 0;
  }
  else {
    e.style.display = 'block';
    return 1;
  }
}

function toggleBox(szDivId, elem, msg1, msg2)
{
  var res = -1;  if (document.getElementById) {
    res = flip(document.getElementById(szDivId));
  }
  else if (document.all) {
    // this is the way old msie versions work
    res = flip(document.all[szDivId]);
  }
  if(elem) {
    if(res == 0) elem.innerHTML = msg1; else elem.innerHTML = msg2;
  }

}

function toggleAllBoxes() {
  if (document.getElementsByTagName) {
    d = document.getElementsByTagName('div');
    for (i = 0; i < d.length; i++) {
      if (d[i].className == 'log') {
        flip(d[i]);
      }
    }
  }
}

// -->
</script>

</head>
<body>
<h2 align='center'>Default test</h2><table border='1' align="center">
<tr>
<td>Tests passed/Failed/Skipped:</td><td>36/0/0</td>
</tr><tr>
<td>Started on:</td><td>Thu Jun 18 00:29:02 BRT 2015</td>
</tr>
<tr><td>Total time:</td><td>3 seconds (3464 ms)</td>
</tr><tr>
<td>Included groups:</td><td></td>
</tr><tr>
<td>Excluded groups:</td><td></td>
</tr>
</table><p/>
<small><i>(Hover the method name to see the test class name)</i></small><p/>
<table width='100%' border='1' class='invocation-passed'>
<tr><td colspan='4' align='center'><b>PASSED TESTS</b></td></tr>
<tr><td><b>Test method</b></td>
<td width="30%"><b>Exception</b></td>
<td width="10%"><b>Time (seconds)</b></td>
<td><b>Instance</b></td>
</tr>
<tr>
<td title='de.letsbuildacompiler.test.CompilerTest.compilingCode_throwsUndeclaredVariableException_ifReadingUndefinedVariableIsUndefined()'><b>compilingCode_throwsUndeclaredVariableException_ifReadingUndefinedVariableIsUndefined</b><br>Test class: de.letsbuildacompiler.test.CompilerTest</td>
<td><div><pre>de.letsbuildacompiler.compiler.exceptions.UndeclaredVariableException: 1:8 undeclared variable &lt;x&gt;
	at de.letsbuildacompiler.compiler.MyVisitor.requireVariableIndex(MyVisitor.java:162)
	at de.letsbuildacompiler.compiler.MyVisitor.visitCarregarValor(MyVisitor.java:96)
	at de.letsbuildacompiler.compiler.MyVisitor.visitCarregarValor(MyVisitor.java:1)
	at de.letsbuildacompiler.parser.GramaticaParser$CarregarValorContext.accept(GramaticaParser.java:739)
	at org.antlr.v4.runtime.tree.AbstractParseTreeVisitor.visitChildren(AbstractParseTreeVisitor.java:70)
	at de.letsbuildacompiler.parser.GramaticaBaseVisitor.visitChamarLvalue(GramaticaBaseVisitor.java:119)
	at de.letsbuildacompiler.parser.GramaticaParser$ChamarLvalueContext.accept(GramaticaParser.java:2083)
	at org.antlr.v4.runtime.tree.AbstractParseTreeVisitor.visitChildren(AbstractParseTreeVisitor.java:70)
	at de.letsbuildacompiler.parser.GramaticaBaseVisitor.visitFator(GramaticaBaseVisitor.java:112)
	at de.letsbuildacompiler.parser.GramaticaParser$FatorContext.accept(GramaticaParser.java:1859)
	at org.antlr.v4.runtime.tree.AbstractParseTreeVisitor.visitChildren(AbstractParseTreeVisitor.java:70)
	at de.letsbuildacompiler.parser.GramaticaBaseVisitor.visitNumexpr(GramaticaBaseVisitor.java:217)
	at de.letsbuildacompiler.parser.GramaticaParser$NumexprContext.accept(GramaticaParser.java:1682)
	at org.antlr.v4.runtime.tree.AbstractParseTreeVisitor.visit(AbstractParseTreeVisitor.java:42)
	at de.letsbuildacompiler.compiler.MyVisitor.visitPrintln(MyVisitor.java:55)
	at de.letsbuildacompiler.compiler.MyVisitor.visitPrintln(MyVisitor.java:1)
	at de.letsbuildacompiler.parser.GramaticaParser$PrintlnContext.accept(GramaticaParser.java:259)
	at org.antlr.v4.runtime.tree.AbstractParseTreeVisitor.visitChildren(AbstractParseTreeVisitor.java:70)
	at de.letsbuildacompiler.parser.GramaticaBaseVisitor.visitStatement(GramaticaBaseVisitor.java:133)
	at de.letsbuildacompiler.parser.GramaticaParser$StatementContext.accept(GramaticaParser.java:205)
	at org.antlr.v4.runtime.tree.AbstractParseTreeVisitor.visitChildren(AbstractParseTreeVisitor.java:70)
	at de.letsbuildacompiler.parser.GramaticaBaseVisitor.visitComandoNormal(GramaticaBaseVisitor.java:35)
	at de.letsbuildacompiler.parser.GramaticaParser$ComandoNormalContext.accept(GramaticaParser.java:140)
	at org.antlr.v4.runtime.tree.AbstractParseTreeVisitor.visit(AbstractParseTreeVisitor.java:42)
	at de.letsbuildacompiler.compiler.MyVisitor.visitTeste(MyVisitor.java:227)
	at de.letsbuildacompiler.compiler.MyVisitor.visitTeste(MyVisitor.java:1)
	at de.letsbuildacompiler.parser.GramaticaParser$TesteContext.accept(GramaticaParser.java:84)
	at org.antlr.v4.runtime.tree.AbstractParseTreeVisitor.visit(AbstractParseTreeVisitor.java:42)
	at de.letsbuildacompiler.compiler.Main.compile(Main.java:34)
	at de.letsbuildacompiler.test.CompilerTest.compileAndRun(CompilerTest.java:60)
	at de.letsbuildacompiler.test.CompilerTest.compilingCode_throwsUndeclaredVariableException_ifReadingUndefinedVariableIsUndefined(CompilerTest.java:76)
	at sun.reflect.NativeMethodAccessorImpl.invoke0(Native Method)
	at sun.reflect.NativeMethodAccessorImpl.invoke(NativeMethodAccessorImpl.java:62)
	at sun.reflect.DelegatingMethodAccessorImpl.invoke(DelegatingMethodAccessorImpl.java:43)
	at java.lang.reflect.Method.invoke(Method.java:497)
	at org.testng.internal.MethodInvocationHelper.invokeMethod(MethodInvocationHelper.java:85)
	at org.testng.internal.Invoker.invokeMethod(Invoker.java:663)
	at org.testng.internal.Invoker.invokeTestMethod(Invoker.java:849)
	at org.testng.internal.Invoker.invokeTestMethods(Invoker.java:1157)
	at org.testng.internal.TestMethodWorker.invokeTestMethods(TestMethodWorker.java:124)
	at org.testng.internal.TestMethodWorker.run(TestMethodWorker.java:108)
	at org.testng.TestRunner.privateRun(TestRunner.java:771)
	at org.testng.TestRunner.run(TestRunner.java:621)
	at org.testng.SuiteRunner.runTest(SuiteRunner.java:357)
	at org.testng.SuiteRunner.runSequentially(SuiteRunner.java:352)
	at org.testng.SuiteRunner.privateRun(SuiteRunner.java:310)
	at org.testng.SuiteRunner.run(SuiteRunner.java:259)
	at org.testng.SuiteRunnerWorker.runSuite(SuiteRunnerWorker.java:52)
	at org.testng.SuiteRunnerWorker.run(SuiteRunnerWorker.java:86)
	at org.testng.TestNG.runSuitesSequentially(TestNG.java:1200)
	at org.testng.TestNG.runSuitesLocally(TestNG.java:1125)
	at org.testng.TestNG.run(TestNG.java:1033)
	at org.testng.remote.RemoteTestNG.run(RemoteTestNG.java:111)
	at org.testng.remote.RemoteTestNG.initAndRun(RemoteTestNG.java:204)
	at org.testng.remote.RemoteTestNG.main(RemoteTestNG.java:175)
</pre></div><a href='#' onClick='toggleBox("stack-trace1549409129", this, "Click to show all stack frames", "Click to hide stack frames")'>Click to show all stack frames</a>
<div class='stack-trace' id='stack-trace1549409129'><pre>de.letsbuildacompiler.compiler.exceptions.UndeclaredVariableException: 1:8 undeclared variable &lt;x&gt;
	at de.letsbuildacompiler.compiler.MyVisitor.requireVariableIndex(MyVisitor.java:162)
	at de.letsbuildacompiler.compiler.MyVisitor.visitCarregarValor(MyVisitor.java:96)
	at de.letsbuildacompiler.compiler.MyVisitor.visitCarregarValor(MyVisitor.java:1)
	at de.letsbuildacompiler.parser.GramaticaParser$CarregarValorContext.accept(GramaticaParser.java:739)
	at org.antlr.v4.runtime.tree.AbstractParseTreeVisitor.visitChildren(AbstractParseTreeVisitor.java:70)
	at de.letsbuildacompiler.parser.GramaticaBaseVisitor.visitChamarLvalue(GramaticaBaseVisitor.java:119)
	at de.letsbuildacompiler.parser.GramaticaParser$ChamarLvalueContext.accept(GramaticaParser.java:2083)
	at org.antlr.v4.runtime.tree.AbstractParseTreeVisitor.visitChildren(AbstractParseTreeVisitor.java:70)
	at de.letsbuildacompiler.parser.GramaticaBaseVisitor.visitFator(GramaticaBaseVisitor.java:112)
	at de.letsbuildacompiler.parser.GramaticaParser$FatorContext.accept(GramaticaParser.java:1859)
	at org.antlr.v4.runtime.tree.AbstractParseTreeVisitor.visitChildren(AbstractParseTreeVisitor.java:70)
	at de.letsbuildacompiler.parser.GramaticaBaseVisitor.visitNumexpr(GramaticaBaseVisitor.java:217)
	at de.letsbuildacompiler.parser.GramaticaParser$NumexprContext.accept(GramaticaParser.java:1682)
	at org.antlr.v4.runtime.tree.AbstractParseTreeVisitor.visit(AbstractParseTreeVisitor.java:42)
	at de.letsbuildacompiler.compiler.MyVisitor.visitPrintln(MyVisitor.java:55)
	at de.letsbuildacompiler.compiler.MyVisitor.visitPrintln(MyVisitor.java:1)
	at de.letsbuildacompiler.parser.GramaticaParser$PrintlnContext.accept(GramaticaParser.java:259)
	at org.antlr.v4.runtime.tree.AbstractParseTreeVisitor.visitChildren(AbstractParseTreeVisitor.java:70)
	at de.letsbuildacompiler.parser.GramaticaBaseVisitor.visitStatement(GramaticaBaseVisitor.java:133)
	at de.letsbuildacompiler.parser.GramaticaParser$StatementContext.accept(GramaticaParser.java:205)
	at org.antlr.v4.runtime.tree.AbstractParseTreeVisitor.visitChildren(AbstractParseTreeVisitor.java:70)
	at de.letsbuildacompiler.parser.GramaticaBaseVisitor.visitComandoNormal(GramaticaBaseVisitor.java:35)
	at de.letsbuildacompiler.parser.GramaticaParser$ComandoNormalContext.accept(GramaticaParser.java:140)
	at org.antlr.v4.runtime.tree.AbstractParseTreeVisitor.visit(AbstractParseTreeVisitor.java:42)
	at de.letsbuildacompiler.compiler.MyVisitor.visitTeste(MyVisitor.java:227)
	at de.letsbuildacompiler.compiler.MyVisitor.visitTeste(MyVisitor.java:1)
	at de.letsbuildacompiler.parser.GramaticaParser$TesteContext.accept(GramaticaParser.java:84)
	at org.antlr.v4.runtime.tree.AbstractParseTreeVisitor.visit(AbstractParseTreeVisitor.java:42)
	at de.letsbuildacompiler.compiler.Main.compile(Main.java:34)
	at de.letsbuildacompiler.test.CompilerTest.compileAndRun(CompilerTest.java:60)
	at de.letsbuildacompiler.test.CompilerTest.compilingCode_throwsUndeclaredVariableException_ifReadingUndefinedVariableIsUndefined(CompilerTest.java:76)
	at sun.reflect.NativeMethodAccessorImpl.invoke0(Native Method)
	at sun.reflect.NativeMethodAccessorImpl.invoke(NativeMethodAccessorImpl.java:62)
	at sun.reflect.DelegatingMethodAccessorImpl.invoke(DelegatingMethodAccessorImpl.java:43)
	at java.lang.reflect.Method.invoke(Method.java:497)
	at org.testng.internal.MethodInvocationHelper.invokeMethod(MethodInvocationHelper.java:85)
	at org.testng.internal.Invoker.invokeMethod(Invoker.java:663)
	at org.testng.internal.Invoker.invokeTestMethod(Invoker.java:849)
	at org.testng.internal.Invoker.invokeTestMethods(Invoker.java:1157)
	at org.testng.internal.TestMethodWorker.invokeTestMethods(TestMethodWorker.java:124)
	at org.testng.internal.TestMethodWorker.run(TestMethodWorker.java:108)
	at org.testng.TestRunner.privateRun(TestRunner.java:771)
	at org.testng.TestRunner.run(TestRunner.java:621)
	at org.testng.SuiteRunner.runTest(SuiteRunner.java:357)
	at org.testng.SuiteRunner.runSequentially(SuiteRunner.java:352)
	at org.testng.SuiteRunner.privateRun(SuiteRunner.java:310)
	at org.testng.SuiteRunner.run(SuiteRunner.java:259)
	at org.testng.SuiteRunnerWorker.runSuite(SuiteRunnerWorker.java:52)
	at org.testng.SuiteRunnerWorker.run(SuiteRunnerWorker.java:86)
	at org.testng.TestNG.runSuitesSequentially(TestNG.java:1200)
	at org.testng.TestNG.runSuitesLocally(TestNG.java:1125)
	at org.testng.TestNG.run(TestNG.java:1033)
	at org.testng.remote.RemoteTestNG.run(RemoteTestNG.java:111)
	at org.testng.remote.RemoteTestNG.initAndRun(RemoteTestNG.java:204)
	at org.testng.remote.RemoteTestNG.main(RemoteTestNG.java:175)
</pre></div></td>
<td>0</td>
<td>de.letsbuildacompiler.test.CompilerTest@483bf400</td></tr>
<tr>
<td title='de.letsbuildacompiler.test.CompilerTest.compilingCode_throwsUndeclaredVariableException_ifWritingUndefinedVariableIsUndefined()'><b>compilingCode_throwsUndeclaredVariableException_ifWritingUndefinedVariableIsUndefined</b><br>Test class: de.letsbuildacompiler.test.CompilerTest</td>
<td><div><pre>de.letsbuildacompiler.compiler.exceptions.UndeclaredVariableException: 1:0 undeclared variable &lt;x&gt;
	at de.letsbuildacompiler.compiler.MyVisitor.requireVariableIndex(MyVisitor.java:162)
	at de.letsbuildacompiler.compiler.MyVisitor.visitAtribuicao(MyVisitor.java:90)
	at de.letsbuildacompiler.compiler.MyVisitor.visitAtribuicao(MyVisitor.java:1)
	at de.letsbuildacompiler.parser.GramaticaParser$AtribuicaoContext.accept(GramaticaParser.java:664)
	at org.antlr.v4.runtime.tree.AbstractParseTreeVisitor.visitChildren(AbstractParseTreeVisitor.java:70)
	at de.letsbuildacompiler.parser.GramaticaBaseVisitor.visitEscopoclasse(GramaticaBaseVisitor.java:63)
	at de.letsbuildacompiler.parser.GramaticaParser$EscopoclasseContext.accept(GramaticaParser.java:411)
	at org.antlr.v4.runtime.tree.AbstractParseTreeVisitor.visitChildren(AbstractParseTreeVisitor.java:70)
	at de.letsbuildacompiler.parser.GramaticaBaseVisitor.visitStatement(GramaticaBaseVisitor.java:133)
	at de.letsbuildacompiler.parser.GramaticaParser$StatementContext.accept(GramaticaParser.java:205)
	at org.antlr.v4.runtime.tree.AbstractParseTreeVisitor.visitChildren(AbstractParseTreeVisitor.java:70)
	at de.letsbuildacompiler.parser.GramaticaBaseVisitor.visitComandoNormal(GramaticaBaseVisitor.java:35)
	at de.letsbuildacompiler.parser.GramaticaParser$ComandoNormalContext.accept(GramaticaParser.java:140)
	at org.antlr.v4.runtime.tree.AbstractParseTreeVisitor.visit(AbstractParseTreeVisitor.java:42)
	at de.letsbuildacompiler.compiler.MyVisitor.visitTeste(MyVisitor.java:227)
	at de.letsbuildacompiler.compiler.MyVisitor.visitTeste(MyVisitor.java:1)
	at de.letsbuildacompiler.parser.GramaticaParser$TesteContext.accept(GramaticaParser.java:84)
	at org.antlr.v4.runtime.tree.AbstractParseTreeVisitor.visit(AbstractParseTreeVisitor.java:42)
	at de.letsbuildacompiler.compiler.Main.compile(Main.java:34)
	at de.letsbuildacompiler.test.CompilerTest.compileAndRun(CompilerTest.java:60)
	at de.letsbuildacompiler.test.CompilerTest.compilingCode_throwsUndeclaredVariableException_ifWritingUndefinedVariableIsUndefined(CompilerTest.java:85)
	at sun.reflect.NativeMethodAccessorImpl.invoke0(Native Method)
	at sun.reflect.NativeMethodAccessorImpl.invoke(NativeMethodAccessorImpl.java:62)
	at sun.reflect.DelegatingMethodAccessorImpl.invoke(DelegatingMethodAccessorImpl.java:43)
	at java.lang.reflect.Method.invoke(Method.java:497)
	at org.testng.internal.MethodInvocationHelper.invokeMethod(MethodInvocationHelper.java:85)
	at org.testng.internal.Invoker.invokeMethod(Invoker.java:663)
	at org.testng.internal.Invoker.invokeTestMethod(Invoker.java:849)
	at org.testng.internal.Invoker.invokeTestMethods(Invoker.java:1157)
	at org.testng.internal.TestMethodWorker.invokeTestMethods(TestMethodWorker.java:124)
	at org.testng.internal.TestMethodWorker.run(TestMethodWorker.java:108)
	at org.testng.TestRunner.privateRun(TestRunner.java:771)
	at org.testng.TestRunner.run(TestRunner.java:621)
	at org.testng.SuiteRunner.runTest(SuiteRunner.java:357)
	at org.testng.SuiteRunner.runSequentially(SuiteRunner.java:352)
	at org.testng.SuiteRunner.privateRun(SuiteRunner.java:310)
	at org.testng.SuiteRunner.run(SuiteRunner.java:259)
	at org.testng.SuiteRunnerWorker.runSuite(SuiteRunnerWorker.java:52)
	at org.testng.SuiteRunnerWorker.run(SuiteRunnerWorker.java:86)
	at org.testng.TestNG.runSuitesSequentially(TestNG.java:1200)
	at org.testng.TestNG.runSuitesLocally(TestNG.java:1125)
	at org.testng.TestNG.run(TestNG.java:1033)
	at org.testng.remote.RemoteTestNG.run(RemoteTestNG.java:111)
	at org.testng.remote.RemoteTestNG.initAndRun(RemoteTestNG.java:204)
	at org.testng.remote.RemoteTestNG.main(RemoteTestNG.java:175)
</pre></div><a href='#' onClick='toggleBox("stack-trace1518864111", this, "Click to show all stack frames", "Click to hide stack frames")'>Click to show all stack frames</a>
<div class='stack-trace' id='stack-trace1518864111'><pre>de.letsbuildacompiler.compiler.exceptions.UndeclaredVariableException: 1:0 undeclared variable &lt;x&gt;
	at de.letsbuildacompiler.compiler.MyVisitor.requireVariableIndex(MyVisitor.java:162)
	at de.letsbuildacompiler.compiler.MyVisitor.visitAtribuicao(MyVisitor.java:90)
	at de.letsbuildacompiler.compiler.MyVisitor.visitAtribuicao(MyVisitor.java:1)
	at de.letsbuildacompiler.parser.GramaticaParser$AtribuicaoContext.accept(GramaticaParser.java:664)
	at org.antlr.v4.runtime.tree.AbstractParseTreeVisitor.visitChildren(AbstractParseTreeVisitor.java:70)
	at de.letsbuildacompiler.parser.GramaticaBaseVisitor.visitEscopoclasse(GramaticaBaseVisitor.java:63)
	at de.letsbuildacompiler.parser.GramaticaParser$EscopoclasseContext.accept(GramaticaParser.java:411)
	at org.antlr.v4.runtime.tree.AbstractParseTreeVisitor.visitChildren(AbstractParseTreeVisitor.java:70)
	at de.letsbuildacompiler.parser.GramaticaBaseVisitor.visitStatement(GramaticaBaseVisitor.java:133)
	at de.letsbuildacompiler.parser.GramaticaParser$StatementContext.accept(GramaticaParser.java:205)
	at org.antlr.v4.runtime.tree.AbstractParseTreeVisitor.visitChildren(AbstractParseTreeVisitor.java:70)
	at de.letsbuildacompiler.parser.GramaticaBaseVisitor.visitComandoNormal(GramaticaBaseVisitor.java:35)
	at de.letsbuildacompiler.parser.GramaticaParser$ComandoNormalContext.accept(GramaticaParser.java:140)
	at org.antlr.v4.runtime.tree.AbstractParseTreeVisitor.visit(AbstractParseTreeVisitor.java:42)
	at de.letsbuildacompiler.compiler.MyVisitor.visitTeste(MyVisitor.java:227)
	at de.letsbuildacompiler.compiler.MyVisitor.visitTeste(MyVisitor.java:1)
	at de.letsbuildacompiler.parser.GramaticaParser$TesteContext.accept(GramaticaParser.java:84)
	at org.antlr.v4.runtime.tree.AbstractParseTreeVisitor.visit(AbstractParseTreeVisitor.java:42)
	at de.letsbuildacompiler.compiler.Main.compile(Main.java:34)
	at de.letsbuildacompiler.test.CompilerTest.compileAndRun(CompilerTest.java:60)
	at de.letsbuildacompiler.test.CompilerTest.compilingCode_throwsUndeclaredVariableException_ifWritingUndefinedVariableIsUndefined(CompilerTest.java:85)
	at sun.reflect.NativeMethodAccessorImpl.invoke0(Native Method)
	at sun.reflect.NativeMethodAccessorImpl.invoke(NativeMethodAccessorImpl.java:62)
	at sun.reflect.DelegatingMethodAccessorImpl.invoke(DelegatingMethodAccessorImpl.java:43)
	at java.lang.reflect.Method.invoke(Method.java:497)
	at org.testng.internal.MethodInvocationHelper.invokeMethod(MethodInvocationHelper.java:85)
	at org.testng.internal.Invoker.invokeMethod(Invoker.java:663)
	at org.testng.internal.Invoker.invokeTestMethod(Invoker.java:849)
	at org.testng.internal.Invoker.invokeTestMethods(Invoker.java:1157)
	at org.testng.internal.TestMethodWorker.invokeTestMethods(TestMethodWorker.java:124)
	at org.testng.internal.TestMethodWorker.run(TestMethodWorker.java:108)
	at org.testng.TestRunner.privateRun(TestRunner.java:771)
	at org.testng.TestRunner.run(TestRunner.java:621)
	at org.testng.SuiteRunner.runTest(SuiteRunner.java:357)
	at org.testng.SuiteRunner.runSequentially(SuiteRunner.java:352)
	at org.testng.SuiteRunner.privateRun(SuiteRunner.java:310)
	at org.testng.SuiteRunner.run(SuiteRunner.java:259)
	at org.testng.SuiteRunnerWorker.runSuite(SuiteRunnerWorker.java:52)
	at org.testng.SuiteRunnerWorker.run(SuiteRunnerWorker.java:86)
	at org.testng.TestNG.runSuitesSequentially(TestNG.java:1200)
	at org.testng.TestNG.runSuitesLocally(TestNG.java:1125)
	at org.testng.TestNG.run(TestNG.java:1033)
	at org.testng.remote.RemoteTestNG.run(RemoteTestNG.java:111)
	at org.testng.remote.RemoteTestNG.initAndRun(RemoteTestNG.java:204)
	at org.testng.remote.RemoteTestNG.main(RemoteTestNG.java:175)
</pre></div></td>
<td>0</td>
<td>de.letsbuildacompiler.test.CompilerTest@483bf400</td></tr>
<tr>
<td title='de.letsbuildacompiler.test.CompilerTest.compilingCode_throwsVariableeAlreadyDefinedException_whenDefiningAlreadyDefinedVariable()'><b>compilingCode_throwsVariableeAlreadyDefinedException_whenDefiningAlreadyDefinedVariable</b><br>Test class: de.letsbuildacompiler.test.CompilerTest</td>
<td><div><pre>de.letsbuildacompiler.compiler.exceptions.VariableAlreadyDefinedException: 2:4 variable already defined: &lt;x&gt;
	at de.letsbuildacompiler.compiler.MyVisitor.visitDeclaracaoVariaveis(MyVisitor.java:63)
	at de.letsbuildacompiler.compiler.MyVisitor.visitDeclaracaoVariaveis(MyVisitor.java:1)
	at de.letsbuildacompiler.parser.GramaticaParser$DeclaracaoVariaveisContext.accept(GramaticaParser.java:492)
	at org.antlr.v4.runtime.tree.AbstractParseTreeVisitor.visitChildren(AbstractParseTreeVisitor.java:70)
	at de.letsbuildacompiler.parser.GramaticaBaseVisitor.visitEscopoclasse(GramaticaBaseVisitor.java:63)
	at de.letsbuildacompiler.parser.GramaticaParser$EscopoclasseContext.accept(GramaticaParser.java:411)
	at org.antlr.v4.runtime.tree.AbstractParseTreeVisitor.visitChildren(AbstractParseTreeVisitor.java:70)
	at de.letsbuildacompiler.parser.GramaticaBaseVisitor.visitStatement(GramaticaBaseVisitor.java:133)
	at de.letsbuildacompiler.parser.GramaticaParser$StatementContext.accept(GramaticaParser.java:205)
	at org.antlr.v4.runtime.tree.AbstractParseTreeVisitor.visitChildren(AbstractParseTreeVisitor.java:70)
	at de.letsbuildacompiler.parser.GramaticaBaseVisitor.visitComandoNormal(GramaticaBaseVisitor.java:35)
	at de.letsbuildacompiler.parser.GramaticaParser$ComandoNormalContext.accept(GramaticaParser.java:140)
	at org.antlr.v4.runtime.tree.AbstractParseTreeVisitor.visit(AbstractParseTreeVisitor.java:42)
	at de.letsbuildacompiler.compiler.MyVisitor.visitTeste(MyVisitor.java:227)
	at de.letsbuildacompiler.compiler.MyVisitor.visitTeste(MyVisitor.java:1)
	at de.letsbuildacompiler.parser.GramaticaParser$TesteContext.accept(GramaticaParser.java:84)
	at org.antlr.v4.runtime.tree.AbstractParseTreeVisitor.visit(AbstractParseTreeVisitor.java:42)
	at de.letsbuildacompiler.compiler.Main.compile(Main.java:34)
	at de.letsbuildacompiler.test.CompilerTest.compileAndRun(CompilerTest.java:60)
	at de.letsbuildacompiler.test.CompilerTest.compilingCode_throwsVariableeAlreadyDefinedException_whenDefiningAlreadyDefinedVariable(CompilerTest.java:94)
	at sun.reflect.NativeMethodAccessorImpl.invoke0(Native Method)
	at sun.reflect.NativeMethodAccessorImpl.invoke(NativeMethodAccessorImpl.java:62)
	at sun.reflect.DelegatingMethodAccessorImpl.invoke(DelegatingMethodAccessorImpl.java:43)
	at java.lang.reflect.Method.invoke(Method.java:497)
	at org.testng.internal.MethodInvocationHelper.invokeMethod(MethodInvocationHelper.java:85)
	at org.testng.internal.Invoker.invokeMethod(Invoker.java:663)
	at org.testng.internal.Invoker.invokeTestMethod(Invoker.java:849)
	at org.testng.internal.Invoker.invokeTestMethods(Invoker.java:1157)
	at org.testng.internal.TestMethodWorker.invokeTestMethods(TestMethodWorker.java:124)
	at org.testng.internal.TestMethodWorker.run(TestMethodWorker.java:108)
	at org.testng.TestRunner.privateRun(TestRunner.java:771)
	at org.testng.TestRunner.run(TestRunner.java:621)
	at org.testng.SuiteRunner.runTest(SuiteRunner.java:357)
	at org.testng.SuiteRunner.runSequentially(SuiteRunner.java:352)
	at org.testng.SuiteRunner.privateRun(SuiteRunner.java:310)
	at org.testng.SuiteRunner.run(SuiteRunner.java:259)
	at org.testng.SuiteRunnerWorker.runSuite(SuiteRunnerWorker.java:52)
	at org.testng.SuiteRunnerWorker.run(SuiteRunnerWorker.java:86)
	at org.testng.TestNG.runSuitesSequentially(TestNG.java:1200)
	at org.testng.TestNG.runSuitesLocally(TestNG.java:1125)
	at org.testng.TestNG.run(TestNG.java:1033)
	at org.testng.remote.RemoteTestNG.run(RemoteTestNG.java:111)
	at org.testng.remote.RemoteTestNG.initAndRun(RemoteTestNG.java:204)
	at org.testng.remote.RemoteTestNG.main(RemoteTestNG.java:175)
</pre></div><a href='#' onClick='toggleBox("stack-trace1766724936", this, "Click to show all stack frames", "Click to hide stack frames")'>Click to show all stack frames</a>
<div class='stack-trace' id='stack-trace1766724936'><pre>de.letsbuildacompiler.compiler.exceptions.VariableAlreadyDefinedException: 2:4 variable already defined: &lt;x&gt;
	at de.letsbuildacompiler.compiler.MyVisitor.visitDeclaracaoVariaveis(MyVisitor.java:63)
	at de.letsbuildacompiler.compiler.MyVisitor.visitDeclaracaoVariaveis(MyVisitor.java:1)
	at de.letsbuildacompiler.parser.GramaticaParser$DeclaracaoVariaveisContext.accept(GramaticaParser.java:492)
	at org.antlr.v4.runtime.tree.AbstractParseTreeVisitor.visitChildren(AbstractParseTreeVisitor.java:70)
	at de.letsbuildacompiler.parser.GramaticaBaseVisitor.visitEscopoclasse(GramaticaBaseVisitor.java:63)
	at de.letsbuildacompiler.parser.GramaticaParser$EscopoclasseContext.accept(GramaticaParser.java:411)
	at org.antlr.v4.runtime.tree.AbstractParseTreeVisitor.visitChildren(AbstractParseTreeVisitor.java:70)
	at de.letsbuildacompiler.parser.GramaticaBaseVisitor.visitStatement(GramaticaBaseVisitor.java:133)
	at de.letsbuildacompiler.parser.GramaticaParser$StatementContext.accept(GramaticaParser.java:205)
	at org.antlr.v4.runtime.tree.AbstractParseTreeVisitor.visitChildren(AbstractParseTreeVisitor.java:70)
	at de.letsbuildacompiler.parser.GramaticaBaseVisitor.visitComandoNormal(GramaticaBaseVisitor.java:35)
	at de.letsbuildacompiler.parser.GramaticaParser$ComandoNormalContext.accept(GramaticaParser.java:140)
	at org.antlr.v4.runtime.tree.AbstractParseTreeVisitor.visit(AbstractParseTreeVisitor.java:42)
	at de.letsbuildacompiler.compiler.MyVisitor.visitTeste(MyVisitor.java:227)
	at de.letsbuildacompiler.compiler.MyVisitor.visitTeste(MyVisitor.java:1)
	at de.letsbuildacompiler.parser.GramaticaParser$TesteContext.accept(GramaticaParser.java:84)
	at org.antlr.v4.runtime.tree.AbstractParseTreeVisitor.visit(AbstractParseTreeVisitor.java:42)
	at de.letsbuildacompiler.compiler.Main.compile(Main.java:34)
	at de.letsbuildacompiler.test.CompilerTest.compileAndRun(CompilerTest.java:60)
	at de.letsbuildacompiler.test.CompilerTest.compilingCode_throwsVariableeAlreadyDefinedException_whenDefiningAlreadyDefinedVariable(CompilerTest.java:94)
	at sun.reflect.NativeMethodAccessorImpl.invoke0(Native Method)
	at sun.reflect.NativeMethodAccessorImpl.invoke(NativeMethodAccessorImpl.java:62)
	at sun.reflect.DelegatingMethodAccessorImpl.invoke(DelegatingMethodAccessorImpl.java:43)
	at java.lang.reflect.Method.invoke(Method.java:497)
	at org.testng.internal.MethodInvocationHelper.invokeMethod(MethodInvocationHelper.java:85)
	at org.testng.internal.Invoker.invokeMethod(Invoker.java:663)
	at org.testng.internal.Invoker.invokeTestMethod(Invoker.java:849)
	at org.testng.internal.Invoker.invokeTestMethods(Invoker.java:1157)
	at org.testng.internal.TestMethodWorker.invokeTestMethods(TestMethodWorker.java:124)
	at org.testng.internal.TestMethodWorker.run(TestMethodWorker.java:108)
	at org.testng.TestRunner.privateRun(TestRunner.java:771)
	at org.testng.TestRunner.run(TestRunner.java:621)
	at org.testng.SuiteRunner.runTest(SuiteRunner.java:357)
	at org.testng.SuiteRunner.runSequentially(SuiteRunner.java:352)
	at org.testng.SuiteRunner.privateRun(SuiteRunner.java:310)
	at org.testng.SuiteRunner.run(SuiteRunner.java:259)
	at org.testng.SuiteRunnerWorker.runSuite(SuiteRunnerWorker.java:52)
	at org.testng.SuiteRunnerWorker.run(SuiteRunnerWorker.java:86)
	at org.testng.TestNG.runSuitesSequentially(TestNG.java:1200)
	at org.testng.TestNG.runSuitesLocally(TestNG.java:1125)
	at org.testng.TestNG.run(TestNG.java:1033)
	at org.testng.remote.RemoteTestNG.run(RemoteTestNG.java:111)
	at org.testng.remote.RemoteTestNG.initAndRun(RemoteTestNG.java:204)
	at org.testng.remote.RemoteTestNG.main(RemoteTestNG.java:175)
</pre></div></td>
<td>0</td>
<td>de.letsbuildacompiler.test.CompilerTest@483bf400</td></tr>
<tr>
<td title='de.letsbuildacompiler.test.CompilerTest.runningCode_outputsExpectedText()'><b>runningCode_outputsExpectedText</b><br>Test class: de.letsbuildacompiler.test.CompilerTest<br>Parameters: println(1+2);, 3
</td>
<td></td>
<td>0</td>
<td>de.letsbuildacompiler.test.CompilerTest@483bf400</td></tr>
<tr>
<td title='de.letsbuildacompiler.test.CompilerTest.runningCode_outputsExpectedText()'><b>runningCode_outputsExpectedText</b><br>Test class: de.letsbuildacompiler.test.CompilerTest<br>Parameters: println(1);, 1
</td>
<td></td>
<td>0</td>
<td>de.letsbuildacompiler.test.CompilerTest@483bf400</td></tr>
<tr>
<td title='de.letsbuildacompiler.test.CompilerTest.runningCode_outputsExpectedText()'><b>runningCode_outputsExpectedText</b><br>Test class: de.letsbuildacompiler.test.CompilerTest<br>Parameters: println(1+2+42);, 45
</td>
<td></td>
<td>0</td>
<td>de.letsbuildacompiler.test.CompilerTest@483bf400</td></tr>
<tr>
<td title='de.letsbuildacompiler.test.CompilerTest.runningCode_outputsExpectedText()'><b>runningCode_outputsExpectedText</b><br>Test class: de.letsbuildacompiler.test.CompilerTest<br>Parameters: println(1); println(2);, 1
2
</td>
<td></td>
<td>0</td>
<td>de.letsbuildacompiler.test.CompilerTest@483bf400</td></tr>
<tr>
<td title='de.letsbuildacompiler.test.CompilerTest.runningCode_outputsExpectedText()'><b>runningCode_outputsExpectedText</b><br>Test class: de.letsbuildacompiler.test.CompilerTest<br>Parameters: println(3-2);, 1
</td>
<td></td>
<td>0</td>
<td>de.letsbuildacompiler.test.CompilerTest@483bf400</td></tr>
<tr>
<td title='de.letsbuildacompiler.test.CompilerTest.runningCode_outputsExpectedText()'><b>runningCode_outputsExpectedText</b><br>Test class: de.letsbuildacompiler.test.CompilerTest<br>Parameters: println(2*3);, 6
</td>
<td></td>
<td>0</td>
<td>de.letsbuildacompiler.test.CompilerTest@483bf400</td></tr>
<tr>
<td title='de.letsbuildacompiler.test.CompilerTest.runningCode_outputsExpectedText()'><b>runningCode_outputsExpectedText</b><br>Test class: de.letsbuildacompiler.test.CompilerTest<br>Parameters: println(6/2);, 3
</td>
<td></td>
<td>0</td>
<td>de.letsbuildacompiler.test.CompilerTest@483bf400</td></tr>
<tr>
<td title='de.letsbuildacompiler.test.CompilerTest.runningCode_outputsExpectedText()'><b>runningCode_outputsExpectedText</b><br>Test class: de.letsbuildacompiler.test.CompilerTest<br>Parameters: println(7/2);, 3
</td>
<td></td>
<td>0</td>
<td>de.letsbuildacompiler.test.CompilerTest@483bf400</td></tr>
<tr>
<td title='de.letsbuildacompiler.test.CompilerTest.runningCode_outputsExpectedText()'><b>runningCode_outputsExpectedText</b><br>Test class: de.letsbuildacompiler.test.CompilerTest<br>Parameters: println(8/2*4);, 16
</td>
<td></td>
<td>0</td>
<td>de.letsbuildacompiler.test.CompilerTest@483bf400</td></tr>
<tr>
<td title='de.letsbuildacompiler.test.CompilerTest.runningCode_outputsExpectedText()'><b>runningCode_outputsExpectedText</b><br>Test class: de.letsbuildacompiler.test.CompilerTest<br>Parameters: println(2+3*3);, 11
</td>
<td></td>
<td>0</td>
<td>de.letsbuildacompiler.test.CompilerTest@483bf400</td></tr>
<tr>
<td title='de.letsbuildacompiler.test.CompilerTest.runningCode_outputsExpectedText()'><b>runningCode_outputsExpectedText</b><br>Test class: de.letsbuildacompiler.test.CompilerTest<br>Parameters: println(9-2*3);, 3
</td>
<td></td>
<td>0</td>
<td>de.letsbuildacompiler.test.CompilerTest@483bf400</td></tr>
<tr>
<td title='de.letsbuildacompiler.test.CompilerTest.runningCode_outputsExpectedText()'><b>runningCode_outputsExpectedText</b><br>Test class: de.letsbuildacompiler.test.CompilerTest<br>Parameters: println(8-2+5);, 11
</td>
<td></td>
<td>0</td>
<td>de.letsbuildacompiler.test.CompilerTest@483bf400</td></tr>
<tr>
<td title='de.letsbuildacompiler.test.CompilerTest.runningCode_outputsExpectedText()'><b>runningCode_outputsExpectedText</b><br>Test class: de.letsbuildacompiler.test.CompilerTest<br>Parameters: println(3/3*3);, 3
</td>
<td></td>
<td>0</td>
<td>de.letsbuildacompiler.test.CompilerTest@483bf400</td></tr>
<tr>
<td title='de.letsbuildacompiler.test.CompilerTest.runningCode_outputsExpectedText()'><b>runningCode_outputsExpectedText</b><br>Test class: de.letsbuildacompiler.test.CompilerTest<br>Parameters: println(3*3/3);, 3
</td>
<td></td>
<td>0</td>
<td>de.letsbuildacompiler.test.CompilerTest@483bf400</td></tr>
<tr>
<td title='de.letsbuildacompiler.test.CompilerTest.runningCode_outputsExpectedText()'><b>runningCode_outputsExpectedText</b><br>Test class: de.letsbuildacompiler.test.CompilerTest<br>Parameters: println(2*3-2);, 4
</td>
<td></td>
<td>0</td>
<td>de.letsbuildacompiler.test.CompilerTest@483bf400</td></tr>
<tr>
<td title='de.letsbuildacompiler.test.CompilerTest.runningCode_outputsExpectedText()'><b>runningCode_outputsExpectedText</b><br>Test class: de.letsbuildacompiler.test.CompilerTest<br>Parameters: println(2+5-6);, 1
</td>
<td></td>
<td>0</td>
<td>de.letsbuildacompiler.test.CompilerTest@483bf400</td></tr>
<tr>
<td title='de.letsbuildacompiler.test.CompilerTest.runningCode_outputsExpectedText()'><b>runningCode_outputsExpectedText</b><br>Test class: de.letsbuildacompiler.test.CompilerTest<br>Parameters: println(8/2*2);, 8
</td>
<td></td>
<td>0</td>
<td>de.letsbuildacompiler.test.CompilerTest@483bf400</td></tr>
<tr>
<td title='de.letsbuildacompiler.test.CompilerTest.runningCode_outputsExpectedText()'><b>runningCode_outputsExpectedText</b><br>Test class: de.letsbuildacompiler.test.CompilerTest<br>Parameters: println(8/(2*2));, 2
</td>
<td></td>
<td>0</td>
<td>de.letsbuildacompiler.test.CompilerTest@483bf400</td></tr>
<tr>
<td title='de.letsbuildacompiler.test.CompilerTest.runningCode_outputsExpectedText()'><b>runningCode_outputsExpectedText</b><br>Test class: de.letsbuildacompiler.test.CompilerTest<br>Parameters: println(4+4*2);, 12
</td>
<td></td>
<td>0</td>
<td>de.letsbuildacompiler.test.CompilerTest@483bf400</td></tr>
<tr>
<td title='de.letsbuildacompiler.test.CompilerTest.runningCode_outputsExpectedText()'><b>runningCode_outputsExpectedText</b><br>Test class: de.letsbuildacompiler.test.CompilerTest<br>Parameters: println((4+4)*2);, 16
</td>
<td></td>
<td>0</td>
<td>de.letsbuildacompiler.test.CompilerTest@483bf400</td></tr>
<tr>
<td title='de.letsbuildacompiler.test.CompilerTest.runningCode_outputsExpectedText()'><b>runningCode_outputsExpectedText</b><br>Test class: de.letsbuildacompiler.test.CompilerTest<br>Parameters: println(7%3);, 1
</td>
<td></td>
<td>0</td>
<td>de.letsbuildacompiler.test.CompilerTest@483bf400</td></tr>
<tr>
<td title='de.letsbuildacompiler.test.CompilerTest.runningCode_outputsExpectedText()'><b>runningCode_outputsExpectedText</b><br>Test class: de.letsbuildacompiler.test.CompilerTest<br>Parameters: println(10%3);, 1
</td>
<td></td>
<td>0</td>
<td>de.letsbuildacompiler.test.CompilerTest@483bf400</td></tr>
<tr>
<td title='de.letsbuildacompiler.test.CompilerTest.runningCode_outputsExpectedText()'><b>runningCode_outputsExpectedText</b><br>Test class: de.letsbuildacompiler.test.CompilerTest<br>Parameters: println(5%3);, 2
</td>
<td></td>
<td>0</td>
<td>de.letsbuildacompiler.test.CompilerTest@483bf400</td></tr>
<tr>
<td title='de.letsbuildacompiler.test.CompilerTest.runningCode_outputsExpectedText()'><b>runningCode_outputsExpectedText</b><br>Test class: de.letsbuildacompiler.test.CompilerTest<br>Parameters: int foo; foo=42; println(foo);, 42
</td>
<td></td>
<td>0</td>
<td>de.letsbuildacompiler.test.CompilerTest@483bf400</td></tr>
<tr>
<td title='de.letsbuildacompiler.test.CompilerTest.runningCode_outputsExpectedText()'><b>runningCode_outputsExpectedText</b><br>Test class: de.letsbuildacompiler.test.CompilerTest<br>Parameters: int foo; foo = 42; println(foo+2);, 44
</td>
<td></td>
<td>0</td>
<td>de.letsbuildacompiler.test.CompilerTest@483bf400</td></tr>
<tr>
<td title='de.letsbuildacompiler.test.CompilerTest.runningCode_outputsExpectedText()'><b>runningCode_outputsExpectedText</b><br>Test class: de.letsbuildacompiler.test.CompilerTest<br>Parameters: int a; int b; a = 2; b = 5; println(a+b);, 7
</td>
<td></td>
<td>0</td>
<td>de.letsbuildacompiler.test.CompilerTest@483bf400</td></tr>
<tr>
<td title='de.letsbuildacompiler.test.CompilerTest.runningCode_outputsExpectedText()'><b>runningCode_outputsExpectedText</b><br>Test class: de.letsbuildacompiler.test.CompilerTest<br>Parameters: int foo=42; println(foo);, 42
</td>
<td></td>
<td>0</td>
<td>de.letsbuildacompiler.test.CompilerTest@483bf400</td></tr>
<tr>
<td title='de.letsbuildacompiler.test.CompilerTest.runningCode_outputsExpectedText()'><b>runningCode_outputsExpectedText</b><br>Test class: de.letsbuildacompiler.test.CompilerTest<br>Parameters: int foo = 42; println(foo+2);, 44
</td>
<td></td>
<td>0</td>
<td>de.letsbuildacompiler.test.CompilerTest@483bf400</td></tr>
<tr>
<td title='de.letsbuildacompiler.test.CompilerTest.runningCode_outputsExpectedText()'><b>runningCode_outputsExpectedText</b><br>Test class: de.letsbuildacompiler.test.CompilerTest<br>Parameters: int a; int b = 5; a = 2;a =5; println(a+b);, 10
</td>
<td></td>
<td>0</td>
<td>de.letsbuildacompiler.test.CompilerTest@483bf400</td></tr>
<tr>
<td title='de.letsbuildacompiler.test.CompilerTest.runningCode_outputsExpectedText()'><b>runningCode_outputsExpectedText</b><br>Test class: de.letsbuildacompiler.test.CompilerTest<br>Parameters: int randomNumber (){return 322;} 
println(randomNumber());, 322
</td>
<td></td>
<td>0</td>
<td>de.letsbuildacompiler.test.CompilerTest@483bf400</td></tr>
<tr>
<td title='de.letsbuildacompiler.test.CompilerTest.runningCode_outputsExpectedText()'><b>runningCode_outputsExpectedText</b><br>Test class: de.letsbuildacompiler.test.CompilerTest<br>Parameters: int randomNumber (){int a; a = 322;
return a;}
println(randomNumber());int a; a = 4;println(a);, 322
4
</td>
<td></td>
<td>0</td>
<td>de.letsbuildacompiler.test.CompilerTest@483bf400</td></tr>
<tr>
<td title='de.letsbuildacompiler.test.CompilerTest.runningCode_outputsExpectedText()'><b>runningCode_outputsExpectedText</b><br>Test class: de.letsbuildacompiler.test.CompilerTest<br>Parameters: int somar (int a,int b) {return a+b;}
println(somar(111,211));, 322
</td>
<td></td>
<td>0</td>
<td>de.letsbuildacompiler.test.CompilerTest@483bf400</td></tr>
<tr>
<td title='de.letsbuildacompiler.test.CompilerTest.runningCode_outputsExpectedText()'><b>runningCode_outputsExpectedText</b><br>Test class: de.letsbuildacompiler.test.CompilerTest<br>Parameters: int a = 161;int b = 161;println(b+a == b+a);, 1
</td>
<td></td>
<td>0</td>
<td>de.letsbuildacompiler.test.CompilerTest@483bf400</td></tr>
</table><p>
</body>
</html>