<!DOCTYPE html PUBLIC "-//W3C//DTD XHTML 1.1//EN" "http://www.w3.org/TR/xhtml11/DTD/xhtml11.dtd">
<html xmlns="http://www.w3.org/1999/xhtml"><head><title>TestNG Report</title><style type="text/css">table {margin-bottom:10px;border-collapse:collapse;empty-cells:show}th,td {border:1px solid #009;padding:.25em .5em}th {vertical-align:bottom}td {vertical-align:top}table a {font-weight:bold}.stripe td {background-color: #E6EBF9}.num {text-align:right}.passedodd td {background-color: #3F3}.passedeven td {background-color: #0A0}.skippedodd td {background-color: #DDD}.skippedeven td {background-color: #CCC}.failedodd td,.attn {background-color: #F33}.failedeven td,.stripe .attn {background-color: #D00}.stacktrace {white-space:pre;font-family:monospace}.totop {font-size:85%;text-align:center;border-bottom:2px solid #000}</style></head><body><table><tr><th>Test</th><th># Passed</th><th># Skipped</th><th># Failed</th><th>Time (ms)</th><th>Included Groups</th><th>Excluded Groups</th></tr><tr><th colspan="7">Default suite</th></tr><tr><td><a href="#t0">Default test</a></td><td class="num">36</td><td class="num">0</td><td class="num">0</td><td class="num">3.464</td><td></td><td></td></tr></table><table><thead><tr><th>Class</th><th>Method</th><th>Start</th><th>Time (ms)</th></tr></thead><tbody><tr><th colspan="4">Default suite</th></tr></tbody><tbody id="t0"><tr><th colspan="4">Default test &#8212; passed</th></tr><tr class="passedeven"><td rowspan="36">de.letsbuildacompiler.test.CompilerTest</td><td><a href="#m0">compilingCode_throwsUndeclaredVariableException_ifReadingUndefinedVariableIsUndefined</a></td><td rowspan="1">1434598142719</td><td rowspan="1">107</td></tr><tr class="passedeven"><td><a href="#m1">compilingCode_throwsUndeclaredVariableException_ifWritingUndefinedVariableIsUndefined</a></td><td rowspan="1">1434598142831</td><td rowspan="1">5</td></tr><tr class="passedeven"><td><a href="#m2">compilingCode_throwsVariableeAlreadyDefinedException_whenDefiningAlreadyDefinedVariable</a></td><td rowspan="1">1434598142840</td><td rowspan="1">2</td></tr><tr class="passedeven"><td><a href="#m3">runningCode_outputsExpectedText</a></td><td rowspan="33">1434598145640</td><td rowspan="33">96</td></tr><tr class="passedeven"><td><a href="#m4">runningCode_outputsExpectedText</a></td></tr><tr class="passedeven"><td><a href="#m5">runningCode_outputsExpectedText</a></td></tr><tr class="passedeven"><td><a href="#m6">runningCode_outputsExpectedText</a></td></tr><tr class="passedeven"><td><a href="#m7">runningCode_outputsExpectedText</a></td></tr><tr class="passedeven"><td><a href="#m8">runningCode_outputsExpectedText</a></td></tr><tr class="passedeven"><td><a href="#m9">runningCode_outputsExpectedText</a></td></tr><tr class="passedeven"><td><a href="#m10">runningCode_outputsExpectedText</a></td></tr><tr class="passedeven"><td><a href="#m11">runningCode_outputsExpectedText</a></td></tr><tr class="passedeven"><td><a href="#m12">runningCode_outputsExpectedText</a></td></tr><tr class="passedeven"><td><a href="#m13">runningCode_outputsExpectedText</a></td></tr><tr class="passedeven"><td><a href="#m14">runningCode_outputsExpectedText</a></td></tr><tr class="passedeven"><td><a href="#m15">runningCode_outputsExpectedText</a></td></tr><tr class="passedeven"><td><a href="#m16">runningCode_outputsExpectedText</a></td></tr><tr class="passedeven"><td><a href="#m17">runningCode_outputsExpectedText</a></td></tr><tr class="passedeven"><td><a href="#m18">runningCode_outputsExpectedText</a></td></tr><tr class="passedeven"><td><a href="#m19">runningCode_outputsExpectedText</a></td></tr><tr class="passedeven"><td><a href="#m20">runningCode_outputsExpectedText</a></td></tr><tr class="passedeven"><td><a href="#m21">runningCode_outputsExpectedText</a></td></tr><tr class="passedeven"><td><a href="#m22">runningCode_outputsExpectedText</a></td></tr><tr class="passedeven"><td><a href="#m23">runningCode_outputsExpectedText</a></td></tr><tr class="passedeven"><td><a href="#m24">runningCode_outputsExpectedText</a></td></tr><tr class="passedeven"><td><a href="#m25">runningCode_outputsExpectedText</a></td></tr><tr class="passedeven"><td><a href="#m26">runningCode_outputsExpectedText</a></td></tr><tr class="passedeven"><td><a href="#m27">runningCode_outputsExpectedText</a></td></tr><tr class="passedeven"><td><a href="#m28">runningCode_outputsExpectedText</a></td></tr><tr class="passedeven"><td><a href="#m29">runningCode_outputsExpectedText</a></td></tr><tr class="passedeven"><td><a href="#m30">runningCode_outputsExpectedText</a></td></tr><tr class="passedeven"><td><a href="#m31">runningCode_outputsExpectedText</a></td></tr><tr class="passedeven"><td><a href="#m32">runningCode_outputsExpectedText</a></td></tr><tr class="passedeven"><td><a href="#m33">runningCode_outputsExpectedText</a></td></tr><tr class="passedeven"><td><a href="#m34">runningCode_outputsExpectedText</a></td></tr><tr class="passedeven"><td><a href="#m35">runningCode_outputsExpectedText</a></td></tr></tbody></table><h2>Default test</h2><h3 id="m0">de.letsbuildacompiler.test.CompilerTest#compilingCode_throwsUndeclaredVariableException_ifReadingUndefinedVariableIsUndefined</h3><table class="result"><tr><th>Expected Exception</th></tr><tr><td><div class="stacktrace">de.letsbuildacompiler.compiler.exceptions.UndeclaredVariableException: 1:8 undeclared variable &lt;x&gt;
	at de.letsbuildacompiler.compiler.MyVisitor.requireVariableIndex(MyVisitor.java:162)
	at de.letsbuildacompiler.compiler.MyVisitor.visitCarregarValor(MyVisitor.java:96)
	at de.letsbuildacompiler.compiler.MyVisitor.visitCarregarValor(MyVisitor.java:1)
	at de.letsbuildacompiler.parser.GramaticaParser$CarregarValorContext.accept(GramaticaParser.java:739)
	at org.antlr.v4.runtime.tree.AbstractParseTreeVisitor.visitChildren(AbstractParseTreeVisitor.java:70)
	at de.letsbuildacompiler.parser.GramaticaBaseVisitor.visitChamarLvalue(GramaticaBaseVisitor.java:119)
	at de.letsbuildacompiler.parser.GramaticaParser$ChamarLvalueContext.accept(GramaticaParser.java:2083)
	at org.antlr.v4.runtime.tree.AbstractParseTreeVisitor.visitChildren(AbstractParseTreeVisitor.java:70)
	at de.letsbuildacompiler.parser.GramaticaBaseVisitor.visitFator(GramaticaBaseVisitor.java:112)
	at de.letsbuildacompiler.parser.GramaticaParser$FatorContext.accept(GramaticaParser.java:1859)
	at org.antlr.v4.runtime.tree.AbstractParseTreeVisitor.visitChildren(AbstractParseTreeVisitor.java:70)
	at de.letsbuildacompiler.parser.GramaticaBaseVisitor.visitNumexpr(GramaticaBaseVisitor.java:217)
	at de.letsbuildacompiler.parser.GramaticaParser$NumexprContext.accept(GramaticaParser.java:1682)
	at org.antlr.v4.runtime.tree.AbstractParseTreeVisitor.visit(AbstractParseTreeVisitor.java:42)
	at de.letsbuildacompiler.compiler.MyVisitor.visitPrintln(MyVisitor.java:55)
	at de.letsbuildacompiler.compiler.MyVisitor.visitPrintln(MyVisitor.java:1)
	at de.letsbuildacompiler.parser.GramaticaParser$PrintlnContext.accept(GramaticaParser.java:259)
	at org.antlr.v4.runtime.tree.AbstractParseTreeVisitor.visitChildren(AbstractParseTreeVisitor.java:70)
	at de.letsbuildacompiler.parser.GramaticaBaseVisitor.visitStatement(GramaticaBaseVisitor.java:133)
	at de.letsbuildacompiler.parser.GramaticaParser$StatementContext.accept(GramaticaParser.java:205)
	at org.antlr.v4.runtime.tree.AbstractParseTreeVisitor.visitChildren(AbstractParseTreeVisitor.java:70)
	at de.letsbuildacompiler.parser.GramaticaBaseVisitor.visitComandoNormal(GramaticaBaseVisitor.java:35)
	at de.letsbuildacompiler.parser.GramaticaParser$ComandoNormalContext.accept(GramaticaParser.java:140)
	at org.antlr.v4.runtime.tree.AbstractParseTreeVisitor.visit(AbstractParseTreeVisitor.java:42)
	at de.letsbuildacompiler.compiler.MyVisitor.visitTeste(MyVisitor.java:227)
	at de.letsbuildacompiler.compiler.MyVisitor.visitTeste(MyVisitor.java:1)
	at de.letsbuildacompiler.parser.GramaticaParser$TesteContext.accept(GramaticaParser.java:84)
	at org.antlr.v4.runtime.tree.AbstractParseTreeVisitor.visit(AbstractParseTreeVisitor.java:42)
	at de.letsbuildacompiler.compiler.Main.compile(Main.java:34)
	at de.letsbuildacompiler.test.CompilerTest.compileAndRun(CompilerTest.java:60)
	at de.letsbuildacompiler.test.CompilerTest.compilingCode_throwsUndeclaredVariableException_ifReadingUndefinedVariableIsUndefined(CompilerTest.java:76)
	at sun.reflect.NativeMethodAccessorImpl.invoke0(Native Method)
	at sun.reflect.NativeMethodAccessorImpl.invoke(NativeMethodAccessorImpl.java:62)
	at sun.reflect.DelegatingMethodAccessorImpl.invoke(DelegatingMethodAccessorImpl.java:43)
	at java.lang.reflect.Method.invoke(Method.java:497)
	at org.testng.internal.MethodInvocationHelper.invokeMethod(MethodInvocationHelper.java:85)
	at org.testng.internal.Invoker.invokeMethod(Invoker.java:663)
	at org.testng.internal.Invoker.invokeTestMethod(Invoker.java:849)
	at org.testng.internal.Invoker.invokeTestMethods(Invoker.java:1157)
	at org.testng.internal.TestMethodWorker.invokeTestMethods(TestMethodWorker.java:124)
	at org.testng.internal.TestMethodWorker.run(TestMethodWorker.java:108)
	at org.testng.TestRunner.privateRun(TestRunner.java:771)
	at org.testng.TestRunner.run(TestRunner.java:621)
	at org.testng.SuiteRunner.runTest(SuiteRunner.java:357)
	at org.testng.SuiteRunner.runSequentially(SuiteRunner.java:352)
	at org.testng.SuiteRunner.privateRun(SuiteRunner.java:310)
	at org.testng.SuiteRunner.run(SuiteRunner.java:259)
	at org.testng.SuiteRunnerWorker.runSuite(SuiteRunnerWorker.java:52)
	at org.testng.SuiteRunnerWorker.run(SuiteRunnerWorker.java:86)
	at org.testng.TestNG.runSuitesSequentially(TestNG.java:1200)
	at org.testng.TestNG.runSuitesLocally(TestNG.java:1125)
	at org.testng.TestNG.run(TestNG.java:1033)
	at org.testng.remote.RemoteTestNG.run(RemoteTestNG.java:111)
	at org.testng.remote.RemoteTestNG.initAndRun(RemoteTestNG.java:204)
	at org.testng.remote.RemoteTestNG.main(RemoteTestNG.java:175)
</div></td></tr></table><p class="totop"><a href="#summary">back to summary</a></p><h3 id="m1">de.letsbuildacompiler.test.CompilerTest#compilingCode_throwsUndeclaredVariableException_ifWritingUndefinedVariableIsUndefined</h3><table class="result"><tr><th>Expected Exception</th></tr><tr><td><div class="stacktrace">de.letsbuildacompiler.compiler.exceptions.UndeclaredVariableException: 1:0 undeclared variable &lt;x&gt;
	at de.letsbuildacompiler.compiler.MyVisitor.requireVariableIndex(MyVisitor.java:162)
	at de.letsbuildacompiler.compiler.MyVisitor.visitAtribuicao(MyVisitor.java:90)
	at de.letsbuildacompiler.compiler.MyVisitor.visitAtribuicao(MyVisitor.java:1)
	at de.letsbuildacompiler.parser.GramaticaParser$AtribuicaoContext.accept(GramaticaParser.java:664)
	at org.antlr.v4.runtime.tree.AbstractParseTreeVisitor.visitChildren(AbstractParseTreeVisitor.java:70)
	at de.letsbuildacompiler.parser.GramaticaBaseVisitor.visitEscopoclasse(GramaticaBaseVisitor.java:63)
	at de.letsbuildacompiler.parser.GramaticaParser$EscopoclasseContext.accept(GramaticaParser.java:411)
	at org.antlr.v4.runtime.tree.AbstractParseTreeVisitor.visitChildren(AbstractParseTreeVisitor.java:70)
	at de.letsbuildacompiler.parser.GramaticaBaseVisitor.visitStatement(GramaticaBaseVisitor.java:133)
	at de.letsbuildacompiler.parser.GramaticaParser$StatementContext.accept(GramaticaParser.java:205)
	at org.antlr.v4.runtime.tree.AbstractParseTreeVisitor.visitChildren(AbstractParseTreeVisitor.java:70)
	at de.letsbuildacompiler.parser.GramaticaBaseVisitor.visitComandoNormal(GramaticaBaseVisitor.java:35)
	at de.letsbuildacompiler.parser.GramaticaParser$ComandoNormalContext.accept(GramaticaParser.java:140)
	at org.antlr.v4.runtime.tree.AbstractParseTreeVisitor.visit(AbstractParseTreeVisitor.java:42)
	at de.letsbuildacompiler.compiler.MyVisitor.visitTeste(MyVisitor.java:227)
	at de.letsbuildacompiler.compiler.MyVisitor.visitTeste(MyVisitor.java:1)
	at de.letsbuildacompiler.parser.GramaticaParser$TesteContext.accept(GramaticaParser.java:84)
	at org.antlr.v4.runtime.tree.AbstractParseTreeVisitor.visit(AbstractParseTreeVisitor.java:42)
	at de.letsbuildacompiler.compiler.Main.compile(Main.java:34)
	at de.letsbuildacompiler.test.CompilerTest.compileAndRun(CompilerTest.java:60)
	at de.letsbuildacompiler.test.CompilerTest.compilingCode_throwsUndeclaredVariableException_ifWritingUndefinedVariableIsUndefined(CompilerTest.java:85)
	at sun.reflect.NativeMethodAccessorImpl.invoke0(Native Method)
	at sun.reflect.NativeMethodAccessorImpl.invoke(NativeMethodAccessorImpl.java:62)
	at sun.reflect.DelegatingMethodAccessorImpl.invoke(DelegatingMethodAccessorImpl.java:43)
	at java.lang.reflect.Method.invoke(Method.java:497)
	at org.testng.internal.MethodInvocationHelper.invokeMethod(MethodInvocationHelper.java:85)
	at org.testng.internal.Invoker.invokeMethod(Invoker.java:663)
	at org.testng.internal.Invoker.invokeTestMethod(Invoker.java:849)
	at org.testng.internal.Invoker.invokeTestMethods(Invoker.java:1157)
	at org.testng.internal.TestMethodWorker.invokeTestMethods(TestMethodWorker.java:124)
	at org.testng.internal.TestMethodWorker.run(TestMethodWorker.java:108)
	at org.testng.TestRunner.privateRun(TestRunner.java:771)
	at org.testng.TestRunner.run(TestRunner.java:621)
	at org.testng.SuiteRunner.runTest(SuiteRunner.java:357)
	at org.testng.SuiteRunner.runSequentially(SuiteRunner.java:352)
	at org.testng.SuiteRunner.privateRun(SuiteRunner.java:310)
	at org.testng.SuiteRunner.run(SuiteRunner.java:259)
	at org.testng.SuiteRunnerWorker.runSuite(SuiteRunnerWorker.java:52)
	at org.testng.SuiteRunnerWorker.run(SuiteRunnerWorker.java:86)
	at org.testng.TestNG.runSuitesSequentially(TestNG.java:1200)
	at org.testng.TestNG.runSuitesLocally(TestNG.java:1125)
	at org.testng.TestNG.run(TestNG.java:1033)
	at org.testng.remote.RemoteTestNG.run(RemoteTestNG.java:111)
	at org.testng.remote.RemoteTestNG.initAndRun(RemoteTestNG.java:204)
	at org.testng.remote.RemoteTestNG.main(RemoteTestNG.java:175)
</div></td></tr></table><p class="totop"><a href="#summary">back to summary</a></p><h3 id="m2">de.letsbuildacompiler.test.CompilerTest#compilingCode_throwsVariableeAlreadyDefinedException_whenDefiningAlreadyDefinedVariable</h3><table class="result"><tr><th>Expected Exception</th></tr><tr><td><div class="stacktrace">de.letsbuildacompiler.compiler.exceptions.VariableAlreadyDefinedException: 2:4 variable already defined: &lt;x&gt;
	at de.letsbuildacompiler.compiler.MyVisitor.visitDeclaracaoVariaveis(MyVisitor.java:63)
	at de.letsbuildacompiler.compiler.MyVisitor.visitDeclaracaoVariaveis(MyVisitor.java:1)
	at de.letsbuildacompiler.parser.GramaticaParser$DeclaracaoVariaveisContext.accept(GramaticaParser.java:492)
	at org.antlr.v4.runtime.tree.AbstractParseTreeVisitor.visitChildren(AbstractParseTreeVisitor.java:70)
	at de.letsbuildacompiler.parser.GramaticaBaseVisitor.visitEscopoclasse(GramaticaBaseVisitor.java:63)
	at de.letsbuildacompiler.parser.GramaticaParser$EscopoclasseContext.accept(GramaticaParser.java:411)
	at org.antlr.v4.runtime.tree.AbstractParseTreeVisitor.visitChildren(AbstractParseTreeVisitor.java:70)
	at de.letsbuildacompiler.parser.GramaticaBaseVisitor.visitStatement(GramaticaBaseVisitor.java:133)
	at de.letsbuildacompiler.parser.GramaticaParser$StatementContext.accept(GramaticaParser.java:205)
	at org.antlr.v4.runtime.tree.AbstractParseTreeVisitor.visitChildren(AbstractParseTreeVisitor.java:70)
	at de.letsbuildacompiler.parser.GramaticaBaseVisitor.visitComandoNormal(GramaticaBaseVisitor.java:35)
	at de.letsbuildacompiler.parser.GramaticaParser$ComandoNormalContext.accept(GramaticaParser.java:140)
	at org.antlr.v4.runtime.tree.AbstractParseTreeVisitor.visit(AbstractParseTreeVisitor.java:42)
	at de.letsbuildacompiler.compiler.MyVisitor.visitTeste(MyVisitor.java:227)
	at de.letsbuildacompiler.compiler.MyVisitor.visitTeste(MyVisitor.java:1)
	at de.letsbuildacompiler.parser.GramaticaParser$TesteContext.accept(GramaticaParser.java:84)
	at org.antlr.v4.runtime.tree.AbstractParseTreeVisitor.visit(AbstractParseTreeVisitor.java:42)
	at de.letsbuildacompiler.compiler.Main.compile(Main.java:34)
	at de.letsbuildacompiler.test.CompilerTest.compileAndRun(CompilerTest.java:60)
	at de.letsbuildacompiler.test.CompilerTest.compilingCode_throwsVariableeAlreadyDefinedException_whenDefiningAlreadyDefinedVariable(CompilerTest.java:94)
	at sun.reflect.NativeMethodAccessorImpl.invoke0(Native Method)
	at sun.reflect.NativeMethodAccessorImpl.invoke(NativeMethodAccessorImpl.java:62)
	at sun.reflect.DelegatingMethodAccessorImpl.invoke(DelegatingMethodAccessorImpl.java:43)
	at java.lang.reflect.Method.invoke(Method.java:497)
	at org.testng.internal.MethodInvocationHelper.invokeMethod(MethodInvocationHelper.java:85)
	at org.testng.internal.Invoker.invokeMethod(Invoker.java:663)
	at org.testng.internal.Invoker.invokeTestMethod(Invoker.java:849)
	at org.testng.internal.Invoker.invokeTestMethods(Invoker.java:1157)
	at org.testng.internal.TestMethodWorker.invokeTestMethods(TestMethodWorker.java:124)
	at org.testng.internal.TestMethodWorker.run(TestMethodWorker.java:108)
	at org.testng.TestRunner.privateRun(TestRunner.java:771)
	at org.testng.TestRunner.run(TestRunner.java:621)
	at org.testng.SuiteRunner.runTest(SuiteRunner.java:357)
	at org.testng.SuiteRunner.runSequentially(SuiteRunner.java:352)
	at org.testng.SuiteRunner.privateRun(SuiteRunner.java:310)
	at org.testng.SuiteRunner.run(SuiteRunner.java:259)
	at org.testng.SuiteRunnerWorker.runSuite(SuiteRunnerWorker.java:52)
	at org.testng.SuiteRunnerWorker.run(SuiteRunnerWorker.java:86)
	at org.testng.TestNG.runSuitesSequentially(TestNG.java:1200)
	at org.testng.TestNG.runSuitesLocally(TestNG.java:1125)
	at org.testng.TestNG.run(TestNG.java:1033)
	at org.testng.remote.RemoteTestNG.run(RemoteTestNG.java:111)
	at org.testng.remote.RemoteTestNG.initAndRun(RemoteTestNG.java:204)
	at org.testng.remote.RemoteTestNG.main(RemoteTestNG.java:175)
</div></td></tr></table><p class="totop"><a href="#summary">back to summary</a></p><h3 id="m3">de.letsbuildacompiler.test.CompilerTest#runningCode_outputsExpectedText</h3><table class="result"><tr class="param"><th>Parameter #1</th><th>Parameter #2</th></tr><tr class="param stripe"><td>int a; int b = 5; a = 2;a =5; println(a+b);</td><td>10
</td></tr></table><p class="totop"><a href="#summary">back to summary</a></p><h3 id="m4">de.letsbuildacompiler.test.CompilerTest#runningCode_outputsExpectedText</h3><table class="result"><tr class="param"><th>Parameter #1</th><th>Parameter #2</th></tr><tr class="param stripe"><td>println(2*3-2);</td><td>4
</td></tr></table><p class="totop"><a href="#summary">back to summary</a></p><h3 id="m5">de.letsbuildacompiler.test.CompilerTest#runningCode_outputsExpectedText</h3><table class="result"><tr class="param"><th>Parameter #1</th><th>Parameter #2</th></tr><tr class="param stripe"><td>println(2+3*3);</td><td>11
</td></tr></table><p class="totop"><a href="#summary">back to summary</a></p><h3 id="m6">de.letsbuildacompiler.test.CompilerTest#runningCode_outputsExpectedText</h3><table class="result"><tr class="param"><th>Parameter #1</th><th>Parameter #2</th></tr><tr class="param stripe"><td>println((4+4)*2);</td><td>16
</td></tr></table><p class="totop"><a href="#summary">back to summary</a></p><h3 id="m7">de.letsbuildacompiler.test.CompilerTest#runningCode_outputsExpectedText</h3><table class="result"><tr class="param"><th>Parameter #1</th><th>Parameter #2</th></tr><tr class="param stripe"><td>println(5%3);</td><td>2
</td></tr></table><p class="totop"><a href="#summary">back to summary</a></p><h3 id="m8">de.letsbuildacompiler.test.CompilerTest#runningCode_outputsExpectedText</h3><table class="result"><tr class="param"><th>Parameter #1</th><th>Parameter #2</th></tr><tr class="param stripe"><td>println(1+2);</td><td>3
</td></tr></table><p class="totop"><a href="#summary">back to summary</a></p><h3 id="m9">de.letsbuildacompiler.test.CompilerTest#runningCode_outputsExpectedText</h3><table class="result"><tr class="param"><th>Parameter #1</th><th>Parameter #2</th></tr><tr class="param stripe"><td>println(2*3);</td><td>6
</td></tr></table><p class="totop"><a href="#summary">back to summary</a></p><h3 id="m10">de.letsbuildacompiler.test.CompilerTest#runningCode_outputsExpectedText</h3><table class="result"><tr class="param"><th>Parameter #1</th><th>Parameter #2</th></tr><tr class="param stripe"><td>println(1); println(2);</td><td>1
2
</td></tr></table><p class="totop"><a href="#summary">back to summary</a></p><h3 id="m11">de.letsbuildacompiler.test.CompilerTest#runningCode_outputsExpectedText</h3><table class="result"><tr class="param"><th>Parameter #1</th><th>Parameter #2</th></tr><tr class="param stripe"><td>println(3-2);</td><td>1
</td></tr></table><p class="totop"><a href="#summary">back to summary</a></p><h3 id="m12">de.letsbuildacompiler.test.CompilerTest#runningCode_outputsExpectedText</h3><table class="result"><tr class="param"><th>Parameter #1</th><th>Parameter #2</th></tr><tr class="param stripe"><td>println(8/(2*2));</td><td>2
</td></tr></table><p class="totop"><a href="#summary">back to summary</a></p><h3 id="m13">de.letsbuildacompiler.test.CompilerTest#runningCode_outputsExpectedText</h3><table class="result"><tr class="param"><th>Parameter #1</th><th>Parameter #2</th></tr><tr class="param stripe"><td>int a; int b; a = 2; b = 5; println(a+b);</td><td>7
</td></tr></table><p class="totop"><a href="#summary">back to summary</a></p><h3 id="m14">de.letsbuildacompiler.test.CompilerTest#runningCode_outputsExpectedText</h3><table class="result"><tr class="param"><th>Parameter #1</th><th>Parameter #2</th></tr><tr class="param stripe"><td>int foo; foo = 42; println(foo+2);</td><td>44
</td></tr></table><p class="totop"><a href="#summary">back to summary</a></p><h3 id="m15">de.letsbuildacompiler.test.CompilerTest#runningCode_outputsExpectedText</h3><table class="result"><tr class="param"><th>Parameter #1</th><th>Parameter #2</th></tr><tr class="param stripe"><td>println(7/2);</td><td>3
</td></tr></table><p class="totop"><a href="#summary">back to summary</a></p><h3 id="m16">de.letsbuildacompiler.test.CompilerTest#runningCode_outputsExpectedText</h3><table class="result"><tr class="param"><th>Parameter #1</th><th>Parameter #2</th></tr><tr class="param stripe"><td>println(3*3/3);</td><td>3
</td></tr></table><p class="totop"><a href="#summary">back to summary</a></p><h3 id="m17">de.letsbuildacompiler.test.CompilerTest#runningCode_outputsExpectedText</h3><table class="result"><tr class="param"><th>Parameter #1</th><th>Parameter #2</th></tr><tr class="param stripe"><td>println(6/2);</td><td>3
</td></tr></table><p class="totop"><a href="#summary">back to summary</a></p><h3 id="m18">de.letsbuildacompiler.test.CompilerTest#runningCode_outputsExpectedText</h3><table class="result"><tr class="param"><th>Parameter #1</th><th>Parameter #2</th></tr><tr class="param stripe"><td>println(7%3);</td><td>1
</td></tr></table><p class="totop"><a href="#summary">back to summary</a></p><h3 id="m19">de.letsbuildacompiler.test.CompilerTest#runningCode_outputsExpectedText</h3><table class="result"><tr class="param"><th>Parameter #1</th><th>Parameter #2</th></tr><tr class="param stripe"><td>int randomNumber (){return 322;} 
println(randomNumber());</td><td>322
</td></tr></table><p class="totop"><a href="#summary">back to summary</a></p><h3 id="m20">de.letsbuildacompiler.test.CompilerTest#runningCode_outputsExpectedText</h3><table class="result"><tr class="param"><th>Parameter #1</th><th>Parameter #2</th></tr><tr class="param stripe"><td>println(8/2*2);</td><td>8
</td></tr></table><p class="totop"><a href="#summary">back to summary</a></p><h3 id="m21">de.letsbuildacompiler.test.CompilerTest#runningCode_outputsExpectedText</h3><table class="result"><tr class="param"><th>Parameter #1</th><th>Parameter #2</th></tr><tr class="param stripe"><td>println(1+2+42);</td><td>45
</td></tr></table><p class="totop"><a href="#summary">back to summary</a></p><h3 id="m22">de.letsbuildacompiler.test.CompilerTest#runningCode_outputsExpectedText</h3><table class="result"><tr class="param"><th>Parameter #1</th><th>Parameter #2</th></tr><tr class="param stripe"><td>println(8-2+5);</td><td>11
</td></tr></table><p class="totop"><a href="#summary">back to summary</a></p><h3 id="m23">de.letsbuildacompiler.test.CompilerTest#runningCode_outputsExpectedText</h3><table class="result"><tr class="param"><th>Parameter #1</th><th>Parameter #2</th></tr><tr class="param stripe"><td>println(8/2*4);</td><td>16
</td></tr></table><p class="totop"><a href="#summary">back to summary</a></p><h3 id="m24">de.letsbuildacompiler.test.CompilerTest#runningCode_outputsExpectedText</h3><table class="result"><tr class="param"><th>Parameter #1</th><th>Parameter #2</th></tr><tr class="param stripe"><td>println(9-2*3);</td><td>3
</td></tr></table><p class="totop"><a href="#summary">back to summary</a></p><h3 id="m25">de.letsbuildacompiler.test.CompilerTest#runningCode_outputsExpectedText</h3><table class="result"><tr class="param"><th>Parameter #1</th><th>Parameter #2</th></tr><tr class="param stripe"><td>println(2+5-6);</td><td>1
</td></tr></table><p class="totop"><a href="#summary">back to summary</a></p><h3 id="m26">de.letsbuildacompiler.test.CompilerTest#runningCode_outputsExpectedText</h3><table class="result"><tr class="param"><th>Parameter #1</th><th>Parameter #2</th></tr><tr class="param stripe"><td>println(1);</td><td>1
</td></tr></table><p class="totop"><a href="#summary">back to summary</a></p><h3 id="m27">de.letsbuildacompiler.test.CompilerTest#runningCode_outputsExpectedText</h3><table class="result"><tr class="param"><th>Parameter #1</th><th>Parameter #2</th></tr><tr class="param stripe"><td>println(4+4*2);</td><td>12
</td></tr></table><p class="totop"><a href="#summary">back to summary</a></p><h3 id="m28">de.letsbuildacompiler.test.CompilerTest#runningCode_outputsExpectedText</h3><table class="result"><tr class="param"><th>Parameter #1</th><th>Parameter #2</th></tr><tr class="param stripe"><td>int foo=42; println(foo);</td><td>42
</td></tr></table><p class="totop"><a href="#summary">back to summary</a></p><h3 id="m29">de.letsbuildacompiler.test.CompilerTest#runningCode_outputsExpectedText</h3><table class="result"><tr class="param"><th>Parameter #1</th><th>Parameter #2</th></tr><tr class="param stripe"><td>println(10%3);</td><td>1
</td></tr></table><p class="totop"><a href="#summary">back to summary</a></p><h3 id="m30">de.letsbuildacompiler.test.CompilerTest#runningCode_outputsExpectedText</h3><table class="result"><tr class="param"><th>Parameter #1</th><th>Parameter #2</th></tr><tr class="param stripe"><td>int randomNumber (){int a; a = 322;
return a;}
println(randomNumber());int a; a = 4;println(a);</td><td>322
4
</td></tr></table><p class="totop"><a href="#summary">back to summary</a></p><h3 id="m31">de.letsbuildacompiler.test.CompilerTest#runningCode_outputsExpectedText</h3><table class="result"><tr class="param"><th>Parameter #1</th><th>Parameter #2</th></tr><tr class="param stripe"><td>int foo = 42; println(foo+2);</td><td>44
</td></tr></table><p class="totop"><a href="#summary">back to summary</a></p><h3 id="m32">de.letsbuildacompiler.test.CompilerTest#runningCode_outputsExpectedText</h3><table class="result"><tr class="param"><th>Parameter #1</th><th>Parameter #2</th></tr><tr class="param stripe"><td>println(3/3*3);</td><td>3
</td></tr></table><p class="totop"><a href="#summary">back to summary</a></p><h3 id="m33">de.letsbuildacompiler.test.CompilerTest#runningCode_outputsExpectedText</h3><table class="result"><tr class="param"><th>Parameter #1</th><th>Parameter #2</th></tr><tr class="param stripe"><td>int a = 161;int b = 161;println(b+a == b+a);</td><td>1
</td></tr></table><p class="totop"><a href="#summary">back to summary</a></p><h3 id="m34">de.letsbuildacompiler.test.CompilerTest#runningCode_outputsExpectedText</h3><table class="result"><tr class="param"><th>Parameter #1</th><th>Parameter #2</th></tr><tr class="param stripe"><td>int foo; foo=42; println(foo);</td><td>42
</td></tr></table><p class="totop"><a href="#summary">back to summary</a></p><h3 id="m35">de.letsbuildacompiler.test.CompilerTest#runningCode_outputsExpectedText</h3><table class="result"><tr class="param"><th>Parameter #1</th><th>Parameter #2</th></tr><tr class="param stripe"><td>int somar (int a,int b) {return a+b;}
println(somar(111,211));</td><td>322
</td></tr></table><p class="totop"><a href="#summary">back to summary</a></p></body></html>